Mon 05 Sep 2022 02:02:36 PM MSK: RESULT=false FUNC=sendJson (curl) CHAT[ID]=541882077 ERROR=429 DESC=Too Many Requests: retry after 215 ACTION="text":"05:06:49\.163 2 MAILBOX\(nerch\@icmail\.ru\/INBOX\) [640720486] stored as 380586\n05:06:49\.
Retry sendJson (curl) in 216 seconds ...
Mon 05 Sep 2022 02:04:06 PM MSK: RESULT=false FUNC=sendJson (curl) CHAT[ID]=541882077 ERROR=429 DESC=Too Many Requests: retry after 125 ACTION="text":"\n\/usr\/bin\/chbx ramobr\@icmail\.ru 0 \/CGP\/CommuniGate\/SystemLogs\/2022\-09\-05\.log :\
Retry sendJson (curl) in 126 seconds ...
Mon 05 Sep 2022 02:06:12 PM MSK: RETRY sendJson (curl) 541882077 "text":"05:06:49\.163 2 MAILBOX\(nerch\@icmail\.ru\/INBOX\) 
Mon 05 Sep 2022 02:06:12 PM MSK: RETRY sendJson (curl) 541882077 "text":"\n\/usr\/bin\/chbx ramobr\@icmail\.ru 0 \/CGP\/Commu
Mon 05 Sep 2022 02:06:12 PM MSK: Retry OK:sendJson (curl) 541882077 "text":"05:06:49\.163 2 MAILBOX\(nerch\@icmail\.ru\/INBOX\) 
Mon 05 Sep 2022 02:06:12 PM MSK: Retry OK:sendJson (curl) 541882077 "text":"\n\/usr\/bin\/chbx ramobr\@icmail\.ru 0 \/CGP\/Commu
Mon 05 Sep 2022 02:07:26 PM MSK: RESULT=false FUNC=sendJson (curl) CHAT[ID]=541882077 ERROR=429 DESC=Too Many Requests: retry after 227 ACTION="text":"08:08:07\.955 2 DEQUEUER [640726416] LOCAL\(kay\@icmail\.ru\) delivered: Delivered to the us
Retry sendJson (curl) in 228 seconds ...
Mon 05 Sep 2022 02:11:14 PM MSK: RETRY sendJson (curl) 541882077 "text":"08:08:07\.955 2 DEQUEUER [640726416] LOCAL\(kay\@icm
Mon 05 Sep 2022 02:11:14 PM MSK: Retry OK:sendJson (curl) 541882077 "text":"08:08:07\.955 2 DEQUEUER [640726416] LOCAL\(kay\@icm
Mon 05 Sep 2022 02:12:31 PM MSK: RESULT=false FUNC=sendJson (curl) CHAT[ID]=541882077 ERROR=429 DESC=Too Many Requests: retry after 225 ACTION="text":"09:13:40\.311 2 DEQUEUER [640733786] LOCAL\(filonov\@icmail\.ru\) delivered: Delivered to th
Retry sendJson (curl) in 226 seconds ...
Mon 05 Sep 2022 02:16:17 PM MSK: RETRY sendJson (curl) 541882077 "text":"09:13:40\.311 2 DEQUEUER [640733786] LOCAL\(filonov\
Mon 05 Sep 2022 02:16:17 PM MSK: Retry OK:sendJson (curl) 541882077 "text":"09:13:40\.311 2 DEQUEUER [640733786] LOCAL\(filonov\
Mon 05 Sep 2022 02:17:19 PM MSK: RESULT=false FUNC=sendJson (curl) CHAT[ID]=541882077 ERROR=429 DESC=Too Many Requests: retry after 239 ACTION="text":"11:32:42\.535 2 MAILBOX\(mid\@icmail\.ru\/INBOX\) cut \@137721064\, 1478 messages\, last=\{2
Retry sendJson (curl) in 240 seconds ...
Mon 05 Sep 2022 02:21:19 PM MSK: RETRY sendJson (curl) 541882077 "text":"11:32:42\.535 2 MAILBOX\(mid\@icmail\.ru\/INBOX\) cu
Mon 05 Sep 2022 02:21:20 PM MSK: Retry OK:sendJson (curl) 541882077 "text":"11:32:42\.535 2 MAILBOX\(mid\@icmail\.ru\/INBOX\) cu
Tue 13 Sep 2022 11:03:10 AM MSK: RESULT=false FUNC=sendJson (curl) CHAT[ID]=84114967 ERROR=403 DESC=Forbidden: bot can't initiate conversation with a user ACTION="text":"Sorry\, you are not allowed to use this bot\!"
Wed 14 Sep 2022 08:01:14 PM MSK: RESULT=false FUNC=sendJson (curl) CHAT[ID]=66124628 ERROR=403 DESC=Forbidden: bot can't initiate conversation with a user ACTION="text":"Sorry\, you are not allowed to use this bot\!"
Wed 14 Sep 2022 08:13:59 PM MSK: RESULT=false FUNC=sendJson (curl) CHAT[ID]=66124628 ERROR=403 DESC=Forbidden: bot can't initiate conversation with a user ACTION="text":"Sorry\, you are not allowed to use this bot\!"
Thu 15 Sep 2022 06:24:30 PM MSK: RESULT=false FUNC=sendJson (curl) CHAT[ID]=612343586 ERROR=403 DESC=Forbidden: bot can't initiate conversation with a user ACTION="text":"Sorry\, you are not allowed to use this bot\!"
Fri 30 Sep 2022 06:06:49 PM MSK: RESULT=false FUNC=sendJson (curl) CHAT[ID]=958256371 ERROR=403 DESC=Forbidden: bot can't initiate conversation with a user ACTION="text":"Sorry\, you are not allowed to use this bot\!"
Fri 30 Sep 2022 07:11:08 PM MSK: RESULT=false FUNC=sendJson (curl) CHAT[ID]=797615168 ERROR=403 DESC=Forbidden: bot can't initiate conversation with a user ACTION="text":"Sorry\, you are not allowed to use this bot\!"
Sat 29 Oct 2022 10:03:39 PM MSK: Repeated timeout/broken/no connection on telegram update, sleep 20s
Sat 29 Oct 2022 10:04:09 PM MSK: Repeated timeout/broken/no connection on telegram update, sleep 40s
Sat 29 Oct 2022 10:04:59 PM MSK: Repeated timeout/broken/no connection on telegram update, sleep 50s
Sat 29 Oct 2022 10:06:00 PM MSK: Repeated timeout/broken/no connection on telegram update, sleep 50s
Sat 29 Oct 2022 10:06:50 PM MSK: Recovered from timeout/broken/no connection, continue with telegram updates
Sat 29 Oct 2022 10:15:01 PM MSK: Repeated timeout/broken/no connection on telegram update, sleep 20s
Sat 29 Oct 2022 10:15:31 PM MSK: Repeated timeout/broken/no connection on telegram update, sleep 40s
Sat 29 Oct 2022 10:16:11 PM MSK: Recovered from timeout/broken/no connection, continue with telegram updates
Tue 01 Nov 2022 11:43:10 AM MSK: RESULT=false FUNC=sendJson (curl) CHAT[ID]=1651413488 ERROR=403 DESC=Forbidden: bot can't initiate conversation with a user ACTION="text":"Sorry\, you are not allowed to use this bot\!"
Wed 09 Nov 2022 07:35:54 PM MSK: RESULT=false FUNC=sendJson (curl) CHAT[ID]=1651413488 ERROR=403 DESC=Forbidden: bot can't initiate conversation with a user ACTION="text":"Sorry\, you are not allowed to use this bot\!"
Thu 10 Nov 2022 09:55:59 AM MSK: RESULT=false FUNC=sendJson (curl) CHAT[ID]=612343586 ERROR=403 DESC=Forbidden: bot can't initiate conversation with a user ACTION="text":"Sorry\, you are not allowed to use this bot\!"
Wed 23 Nov 2022 08:32:32 PM MSK: RESULT=false FUNC=sendJson (curl) CHAT[ID]=888802723 ERROR=403 DESC=Forbidden: bot can't initiate conversation with a user ACTION="text":"Sorry\, you are not allowed to use this bot\!"
Sat 26 Nov 2022 07:15:11 PM MSK: RESULT=false FUNC=sendJson (curl) CHAT[ID]=1651413488 ERROR=403 DESC=Forbidden: bot can't initiate conversation with a user ACTION="text":"Sorry\, you are not allowed to use this bot\!"
Tue 29 Nov 2022 09:58:19 AM MSK: Repeated timeout/broken/no connection on telegram update, sleep 20s
Tue 29 Nov 2022 09:58:50 AM MSK: Repeated timeout/broken/no connection on telegram update, sleep 40s
Tue 29 Nov 2022 09:59:30 AM MSK: Recovered from timeout/broken/no connection, continue with telegram updates
Wed 07 Dec 2022 05:00:56 PM MSK: Repeated timeout/broken/no connection on telegram update, sleep 20s
Wed 07 Dec 2022 05:01:17 PM MSK: Repeated timeout/broken/no connection on telegram update, sleep 40s
Wed 07 Dec 2022 05:01:58 PM MSK: Recovered from timeout/broken/no connection, continue with telegram updates
Wed 07 Dec 2022 05:28:48 PM MSK: Repeated timeout/broken/no connection on telegram update, sleep 20s
Wed 07 Dec 2022 05:29:09 PM MSK: Recovered from timeout/broken/no connection, continue with telegram updates
Thu 08 Dec 2022 02:31:02 PM MSK: RESULT=false FUNC=sendJson (curl) CHAT[ID]=612343586 ERROR=403 DESC=Forbidden: bot can't initiate conversation with a user ACTION="text":"Sorry\, you are not allowed to use this bot\!"
Sun 18 Dec 2022 02:09:23 PM MSK: RESULT=false FUNC=sendJson (curl) CHAT[ID]=612343586 ERROR=403 DESC=Forbidden: bot can't initiate conversation with a user ACTION="text":"Sorry\, you are not allowed to use this bot\!"
Fri 23 Dec 2022 05:09:21 PM MSK: RESULT=false FUNC=sendJson (curl) CHAT[ID]=791327576 ERROR=403 DESC=Forbidden: bot can't initiate conversation with a user ACTION="text":"Sorry\, you are not allowed to use this bot\!"
Fri 23 Dec 2022 05:17:44 PM MSK: RESULT=false FUNC=sendJson (curl) CHAT[ID]=791327576 ERROR=403 DESC=Forbidden: bot can't initiate conversation with a user ACTION="text":"Sorry\, you are not allowed to use this bot\!"
Fri 23 Dec 2022 05:20:43 PM MSK: RESULT=false FUNC=sendJson (curl) CHAT[ID]=234168163 ERROR=403 DESC=Forbidden: bot can't initiate conversation with a user ACTION="text":"Sorry\, you are not allowed to use this bot\!"
Fri 30 Dec 2022 09:51:40 AM MSK: RESULT=false FUNC=sendJson (curl) CHAT[ID]=234168163 ERROR=403 DESC=Forbidden: bot can't initiate conversation with a user ACTION="text":"Sorry\, you are not allowed to use this bot\!"
Sat 14 Jan 2023 10:02:17 AM MSK: RESULT=false FUNC=sendJson (curl) CHAT[ID]=612343586 ERROR=403 DESC=Forbidden: bot can't initiate conversation with a user ACTION="text":"Sorry\, you are not allowed to use this bot\!"
Wed 01 Feb 2023 11:26:42 AM MSK: RESULT=false FUNC=sendJson (curl) CHAT[ID]=612343586 ERROR=403 DESC=Forbidden: bot can't initiate conversation with a user ACTION="text":"Sorry\, you are not allowed to use this bot\!"
